
2023-05-25 14:07:40,248  INFO [TestNG-test=PositiveTC-1] Tc01:31 - Chrome Browser Opened
2023-05-25 14:07:40,364  INFO [TestNG-test=PositiveTC-1] Tc01:35 - Browser maximised
2023-05-25 14:07:51,231  INFO [TestNG-test=PositiveTC-1] Tc01:40 - Webpage opened
2023-05-25 14:07:51,347  INFO [TestNG-test=PositiveTC-1] Tc01:45 - Username Entered
2023-05-25 14:07:51,413  INFO [TestNG-test=PositiveTC-1] Tc01:48 - Password Entered
2023-05-25 14:07:51,463  INFO [TestNG-test=PositiveTC-1] Tc01:51 - Login Button clicked
2023-05-25 14:07:58,023  INFO [TestNG-test=PositiveTC-1] Tc01:59 - URL - https://flexremit-dev.flexm.com/customer/#/dashboard
2023-05-25 14:07:58,023  INFO [TestNG-test=PositiveTC-1] Tc01:60 - Expected URL - https://flexremit-dev.flexm.com/customer/#/dashboard
2023-05-25 14:07:58,023  INFO [TestNG-test=PositiveTC-1] Tc01:64 - Login Test Pass
2023-05-25 14:07:59,256  INFO [TestNG-test=NegativeTC-3] Tc01:28 - Chrome Browser Opened
2023-05-25 14:07:59,273  INFO [TestNG-test=NegativeTC-1] Tc01:28 - Chrome Browser Opened
2023-05-25 14:07:59,274  INFO [TestNG-test=NegativeTC-4] Tc01:29 - Chrome Browser Opened
2023-05-25 14:07:59,302  INFO [TestNG-test=NegativeTC-2] Tc01:28 - Chrome Browser Opened
2023-05-25 14:07:59,355  INFO [TestNG-test=NegativeTC-5] Tc01:28 - Chrome Browser Opened
2023-05-25 14:07:59,392  INFO [TestNG-test=NegativeTC-3] Tc01:31 - Browser maximised
2023-05-25 14:07:59,397  INFO [TestNG-test=NegativeTC-4] Tc01:32 - Browser maximised
2023-05-25 14:07:59,402  INFO [TestNG-test=NegativeTC-1] Tc01:32 - Browser maximised
2023-05-25 14:07:59,443  INFO [TestNG-test=NegativeTC-2] Tc01:31 - Browser maximised
2023-05-25 14:07:59,478  INFO [TestNG-test=NegativeTC-5] Tc01:31 - Browser maximised
2023-05-25 14:08:06,647  INFO [TestNG-test=NegativeTC-3] Tc01:36 - Webpage opened
2023-05-25 14:08:06,766  INFO [TestNG-test=NegativeTC-3] Tc01:41 - Username Entered
2023-05-25 14:08:06,853  INFO [TestNG-test=NegativeTC-3] Tc01:44 - Password Entered
2023-05-25 14:08:06,914  INFO [TestNG-test=NegativeTC-3] Tc01:47 - Login Button clicked
2023-05-25 14:08:12,118  INFO [TestNG-test=NegativeTC-3] Tc01:55 - https://flexremit-dev.flexm.com/customer/#/login
2023-05-25 14:08:12,119  INFO [TestNG-test=NegativeTC-3] Tc01:56 - https://flexremit-dev.flexm.com/customer/#/dashboard
2023-05-25 14:08:12,120  INFO [TestNG-test=NegativeTC-3] Tc01:64 - Login test failed
2023-05-25 14:08:12,176  INFO [TestNG-test=NegativeTC-3] Tc01:66 - Errror msg - Please enter a valid Email address
2023-05-25 14:08:12,211  INFO [TestNG-test=NegativeTC-3] Tc01:68 - Errror msg - Please enter a valid Password
2023-05-25 14:08:12,404  INFO [TestNG-test=NegativeTC-5] Tc01:36 - Webpage opened
2023-05-25 14:08:12,504  INFO [TestNG-test=NegativeTC-5] Tc01:41 - Username Entered
2023-05-25 14:08:12,597  INFO [TestNG-test=NegativeTC-5] Tc01:44 - Password Entered
2023-05-25 14:08:12,682  INFO [TestNG-test=NegativeTC-5] Tc01:47 - Login Button clicked
2023-05-25 14:08:12,946  INFO [TestNG-test=NegativeTC-4] Tc01:37 - Webpage opened
2023-05-25 14:08:13,094  INFO [TestNG-test=NegativeTC-4] Tc01:42 - Username Entered
2023-05-25 14:08:13,192  INFO [TestNG-test=NegativeTC-4] Tc01:45 - Password Entered
2023-05-25 14:08:13,262  INFO [TestNG-test=NegativeTC-4] Tc01:48 - Login Button clicked
2023-05-25 14:08:13,657  INFO [TestNG-test=NegativeTC-2] Tc01:36 - Webpage opened
2023-05-25 14:08:13,768  INFO [TestNG-test=NegativeTC-2] Tc01:41 - Username Entered
2023-05-25 14:08:13,882  INFO [TestNG-test=NegativeTC-2] Tc01:44 - Password Entered
2023-05-25 14:08:13,962  INFO [TestNG-test=NegativeTC-2] Tc01:47 - Login Button clicked
2023-05-25 14:08:13,991  INFO [TestNG-test=NegativeTC-1] Tc01:37 - Webpage opened
2023-05-25 14:08:14,093  INFO [TestNG-test=NegativeTC-1] Tc01:42 - Username Entered
2023-05-25 14:08:14,162  INFO [TestNG-test=NegativeTC-1] Tc01:45 - Password Entered
2023-05-25 14:08:14,226  INFO [TestNG-test=NegativeTC-1] Tc01:48 - Login Button clicked
2023-05-25 14:08:17,857  INFO [TestNG-test=NegativeTC-5] Tc01:55 - https://flexremit-dev.flexm.com/customer/#/login
2023-05-25 14:08:17,857  INFO [TestNG-test=NegativeTC-5] Tc01:56 - https://flexremit-dev.flexm.com/customer/#/dashboard
2023-05-25 14:08:17,857  INFO [TestNG-test=NegativeTC-5] Tc01:64 - Login test failed
2023-05-25 14:08:17,887  INFO [TestNG-test=NegativeTC-5] Tc01:66 - Errror msg - Please enter a valid Email address
2023-05-25 14:08:18,421  INFO [TestNG-test=NegativeTC-4] Tc01:56 - https://flexremit-dev.flexm.com/customer/#/login
2023-05-25 14:08:18,422  INFO [TestNG-test=NegativeTC-4] Tc01:57 - https://flexremit-dev.flexm.com/customer/#/dashboard
2023-05-25 14:08:18,422  INFO [TestNG-test=NegativeTC-4] Tc01:65 - Login test failed
2023-05-25 14:08:18,453  INFO [TestNG-test=NegativeTC-4] Tc01:67 - Errror msg - Please enter a valid Password
2023-05-25 14:08:19,131  INFO [TestNG-test=NegativeTC-2] Tc01:55 - https://flexremit-dev.flexm.com/customer/#/login
2023-05-25 14:08:19,132  INFO [TestNG-test=NegativeTC-2] Tc01:56 - https://flexremit-dev.flexm.com/customer/#/dashboard
2023-05-25 14:08:19,132  INFO [TestNG-test=NegativeTC-2] Tc01:64 - Login test failed
2023-05-25 14:08:19,162  INFO [TestNG-test=NegativeTC-2] Tc01:66 - Errror msg - Please enter a valid Email address
2023-05-25 14:08:19,404  INFO [TestNG-test=NegativeTC-1] Tc01:56 - URL - https://flexremit-dev.flexm.com/customer/#/login
2023-05-25 14:08:19,404  INFO [TestNG-test=NegativeTC-1] Tc01:57 - Expected URL - https://flexremit-dev.flexm.com/customer/#/dashboard
2023-05-25 14:08:19,448  INFO [TestNG-test=NegativeTC-1] Tc01:66 - Errror msg - Please enter a valid Password
